{
  "stats": {
    "suites": 0,
    "tests": 1,
    "passes": 0,
    "pending": 0,
    "failures": 1,
    "start": "2023-10-07T11:36:13.033Z",
    "end": "2023-10-07T11:36:20.560Z",
    "duration": 7527,
    "testsRegistered": 1,
    "passPercent": 0,
    "pendingPercent": 0,
    "other": 0,
    "hasOther": false,
    "skipped": 0,
    "hasSkipped": false
  },
  "results": [
    {
      "uuid": "f08adec2-7bee-42ba-ac82-3dbcab45b4bc",
      "title": "",
      "fullFile": "cypress\\e2e\\login_test.cy.js",
      "file": "cypress\\e2e\\login_test.cy.js",
      "beforeHooks": [],
      "afterHooks": [],
      "tests": [
        {
          "title": "enter the site",
          "fullTitle": "enter the site",
          "timedOut": null,
          "duration": 5797,
          "state": "failed",
          "speed": null,
          "pass": false,
          "fail": true,
          "pending": false,
          "context": null,
          "code": "loginPage.navigate(\"https://dn.dut.edu.ua/\");\nloginPage.buttonLogin();\nloginPage.enterUsername(\"login\");\nloginPage.enterPassword(\"password\");\nloginPage.clickLogin();\ncy.url().should('eq', 'https://dn.dut.edu.ua/my/');",
          "err": {
            "message": "AssertionError: Timed out retrying after 4000ms: expected 'https://dn.dut.edu.ua/login/index.php' to equal 'https://dn.dut.edu.ua/my/'",
            "estack": "AssertionError: Timed out retrying after 4000ms: expected 'https://dn.dut.edu.ua/login/index.php' to equal 'https://dn.dut.edu.ua/my/'\n    at Context.eval (webpack://learning/./cypress/e2e/login_test.cy.js:11:11)",
            "diff": "- 'https://dn.dut.edu.ua/login/index.php'\n+ 'https://dn.dut.edu.ua/my/'\n"
          },
          "uuid": "f11bdd4e-14f8-4857-aeef-71b78769667d",
          "parentUUID": "f08adec2-7bee-42ba-ac82-3dbcab45b4bc",
          "isHook": false,
          "skipped": false
        }
      ],
      "suites": [],
      "passes": [],
      "failures": [
        "f11bdd4e-14f8-4857-aeef-71b78769667d"
      ],
      "pending": [],
      "skipped": [],
      "duration": 5797,
      "root": true,
      "rootEmpty": false,
      "_timeout": 2000
    }
  ],
  "meta": {
    "mocha": {
      "version": "7.0.1"
    },
    "mochawesome": {
      "options": {
        "quiet": false,
        "reportFilename": "mochawesome",
        "saveHtml": true,
        "saveJson": true,
        "consoleReporter": "spec",
        "useInlineDiffs": false,
        "code": true
      },
      "version": "7.1.3"
    },
    "marge": {
      "options": null,
      "version": "6.2.0"
    }
  }
}